#
# A fatal error has been detected by the Java Runtime Environment:
#
#  Internal Error (os_windows_x86.cpp:114), pid=888, tid=5304
#  Error: guarantee(result == -1,"Unexpected result from topLevelExceptionFilter")
#
# JRE version: 6.0_17-b04
# Java VM: Java HotSpot(TM) 64-Bit Server VM (14.3-b01 mixed mode windows-amd64 )
# If you would like to submit a bug report, please visit:
#   http://java.sun.com/webapps/bugreport/crash.jsp
# The crash happened outside the Java Virtual Machine in native code.
# See problematic frame for where to report the bug.
#

---------------  T H R E A D  ---------------

Current thread (0x00000000051da800):  JavaThread "main" [_thread_in_native, id=5304, stack(0x0000000000080000,0x0000000004080000)]

Stack: [0x0000000000080000,0x0000000004080000]
[error occurred during error reporting (printing stack bounds), id 0xc0000005]

Java frames: (J=compiled Java code, j=interpreted, Vv=VM code)
j  com.mathworks.jmi.NativeMatlab.ProcessPendingEvents()Z+0
j  com.mathworks.jmi.NativeMatlab.processPendingEvents()Z+8
j  com.mathworks.jmi.Matlab$ProcessPendingEvents.callBooleanMethod(Ljava/lang/Object;)Z+0
j  com.mathworks.util.FactoryUtils.processPendingEvents()Z+12
j  com.mathworks.mde.desk.MLDesktop.canClose()Z+84
j  com.mathworks.mde.desk.MLDesktop$2.call()Ljava/lang/Boolean;+4
j  com.mathworks.mde.desk.MLDesktop$2.call()Ljava/lang/Object;+1
j  com.mathworks.jmi.Matlab.isOkToExit()Z+54
v  ~StubRoutines::call_stub
j  com.mathworks.jmi.NativeMatlab.SendMatlabMessage(Ljava/lang/Object;)Ljava/lang/Object;+0
j  com.mathworks.jmi.NativeMatlab.sendMatlabMessage(Ljava/lang/Object;)Ljava/lang/Object;+22
j  com.mathworks.jmi.MatlabLooper.sendMatlabMessage(Lcom/mathworks/services/message/MWMessage;)Ljava/lang/Object;+20
j  com.mathworks.jmi.Matlab.mtFevalConsoleOutput(Ljava/lang/String;[Ljava/lang/Object;I)Ljava/lang/Object;+58
j  com.mathworks.mde.desk.MLDesktop$9.run()V+14
j  com.mathworks.jmi.NativeMatlab.dispatchMTRequests(Z)V+57
v  ~StubRoutines::call_stub

---------------  P R O C E S S  ---------------

Java Threads: ( => current thread )
  0x000000000f42e800 JavaThread "Code Analyzer updating thread" [_thread_blocked, id=152, stack(0x00000000297d0000,0x0000000029850000)]
  0x000000000f430000 JavaThread "Foxtrot Single Worker Thread #1" daemon [_thread_blocked, id=1644, stack(0x0000000029990000,0x0000000029a10000)]
  0x000000000f438000 JavaThread "Code Analyzer updating thread" [_thread_blocked, id=4736, stack(0x00000000295a0000,0x0000000029620000)]
  0x000000000f436800 JavaThread "Active Reference Queue Daemon" daemon [_thread_blocked, id=5392, stack(0x0000000063900000,0x0000000063980000)]
  0x000000000f434800 JavaThread "Timer-11" daemon [_thread_blocked, id=5544, stack(0x0000000021270000,0x00000000212f0000)]
  0x000000000f437000 JavaThread "Prefs Updater" daemon [_thread_blocked, id=1048, stack(0x0000000063420000,0x00000000634a0000)]
  0x000000000f435000 JavaThread "Timer-5" daemon [_thread_blocked, id=1324, stack(0x000000005ddc0000,0x000000005de40000)]
  0x000000000f433800 JavaThread "Explorer NavigationContext request queue" [_thread_blocked, id=6100, stack(0x0000000048b10000,0x0000000048b90000)]
  0x000000000f432000 JavaThread "AddressBar directory emptiness poller" [_thread_blocked, id=3080, stack(0x0000000029510000,0x0000000029590000)]
  0x000000000f430800 JavaThread "Timer-1" [_thread_blocked, id=4324, stack(0x00000000449f0000,0x0000000044a70000)]
  0x000000000f42e000 JavaThread "TimerQueue" daemon [_thread_blocked, id=5748, stack(0x000000000dc60000,0x000000000dce0000)]
  0x000000000f42d000 JavaThread "AWT-EventQueue-0" [_thread_blocked, id=500, stack(0x000000000fda0000,0x000000000fe20000)]
  0x000000000f42c800 JavaThread "AWT-Shutdown" [_thread_blocked, id=5180, stack(0x000000000fd10000,0x000000000fd90000)]
  0x000000000e72e000 JavaThread "FelixPackageAdmin" daemon [_thread_blocked, id=1104, stack(0x000000000fe40000,0x000000000fec0000)]
  0x000000000f0a5000 JavaThread "FelixStartLevel" daemon [_thread_blocked, id=4144, stack(0x000000000deb0000,0x000000000df30000)]
  0x000000000f0a4800 JavaThread "FelixDispatchQueue" daemon [_thread_blocked, id=5948, stack(0x0000000007d40000,0x0000000007dc0000)]
  0x000000000e731000 JavaThread "com.google.common.base.internal.Finalizer" daemon [_thread_blocked, id=4856, stack(0x000000000ec00000,0x000000000ec80000)]
  0x000000000db68800 JavaThread "AWT-Windows" daemon [_thread_in_native, id=5188, stack(0x0000000007fd0000,0x0000000008050000)]
  0x000000000e3be800 JavaThread "Java2D Disposer" daemon [_thread_blocked, id=2680, stack(0x0000000007de0000,0x0000000007e60000)]
  0x000000000eb60800 JavaThread "Timer-0" [_thread_blocked, id=3392, stack(0x000000000ec90000,0x000000000ed10000)]
  0x000000000e9d5800 JavaThread "EventMgr Dispatcher" daemon [_thread_in_native, id=5700, stack(0x0000000011020000,0x0000000015020000)]
  0x000000000daae000 JavaThread "Low Memory Detector" daemon [_thread_blocked, id=2636, stack(0x000000000df50000,0x000000000dfd0000)]
  0x000000000daac800 JavaThread "CompilerThread1" daemon [_thread_blocked, id=3928, stack(0x0000000054cd0000,0x0000000058cd0000)]
  0x000000000daa7000 JavaThread "CompilerThread0" daemon [_thread_blocked, id=4852, stack(0x0000000050cd0000,0x0000000054cd0000)]
  0x000000000daa6800 JavaThread "Attach Listener" daemon [_thread_blocked, id=5464, stack(0x000000000de10000,0x000000000de90000)]
  0x000000000da63000 JavaThread "Finalizer" daemon [_thread_blocked, id=2104, stack(0x000000000dcf0000,0x000000000dd70000)]
  0x0000000005293800 JavaThread "Reference Handler" daemon [_thread_blocked, id=668, stack(0x0000000008470000,0x00000000084f0000)]
=>0x00000000051da800 JavaThread "main" [_thread_in_native, id=5304, stack(0x0000000000080000,0x0000000004080000)]

Other Threads:
  0x000000000da61000 VMThread [stack: 0x000000004cc40000,0x0000000050c40000] [id=5616]
  0x000000000daca000 WatcherThread [stack: 0x0000000058ec0000,0x000000005cec0000] [id=4452]

VM state:not at safepoint (normal execution)

VM Mutex/Monitor currently owned by a thread: None

Heap
 PSYoungGen      total 36544K, used 18809K [0x00000000418a0000, 0x00000000449a0000, 0x00000000449a0000)
  eden space 22720K, 57% used [0x00000000418a0000,0x000000004257d820,0x0000000042ed0000)
  from space 13824K, 40% used [0x0000000043c20000,0x00000000441a0cc8,0x00000000449a0000)
  to   space 13632K, 0% used [0x0000000042ed0000,0x0000000042ed0000,0x0000000043c20000)
 PSOldGen        total 83264K, used 65374K [0x00000000385a0000, 0x000000003d6f0000, 0x00000000418a0000)
  object space 83264K, 78% used [0x00000000385a0000,0x000000003c577910,0x000000003d6f0000)
 PSPermGen       total 131072K, used 61446K [0x00000000305a0000, 0x00000000385a0000, 0x00000000385a0000)
  object space 131072K, 46% used [0x00000000305a0000,0x00000000341a1820,0x00000000385a0000)

Dynamic libraries:
0x000000013fb60000 - 0x000000013fb92000 	C:\Program Files\MATLAB\R2012a\bin\win64\matlab.exe
0x0000000077700000 - 0x00000000778a9000 	C:\Windows\SYSTEM32\ntdll.dll
0x00000000774e0000 - 0x00000000775ff000 	C:\Windows\system32\kernel32.dll
0x000007fefdc50000 - 0x000007fefdcbc000 	C:\Windows\system32\KERNELBASE.dll
0x0000000074460000 - 0x0000000074554000 	C:\Program Files\MATLAB\R2012a\bin\win64\libut.dll
0x00000000758a0000 - 0x0000000075952000 	C:\Program Files\MATLAB\R2012a\bin\win64\libmwi18n.dll
0x0000000180000000 - 0x000000018000b000 	C:\Program Files\MATLAB\R2012a\bin\win64\libmwresource_core.dll
0x000000006fe10000 - 0x000000006fee3000 	C:\Windows\WinSxS\amd64_microsoft.vc90.crt_1fc8b3b9a1e18e3b_9.0.30729.6161_none_08e61857a83bc251\MSVCP90.dll
0x000000006fd60000 - 0x000000006fe03000 	C:\Windows\WinSxS\amd64_microsoft.vc90.crt_1fc8b3b9a1e18e3b_9.0.30729.6161_none_08e61857a83bc251\MSVCR90.dll
0x000000007a170000 - 0x000000007a19c000 	C:\Program Files\MATLAB\R2012a\bin\win64\boost_filesystem-vc90-mt-1_44.dll
0x000000007a560000 - 0x000000007a569000 	C:\Program Files\MATLAB\R2012a\bin\win64\boost_system-vc90-mt-1_44.dll
0x000007fefe180000 - 0x000007fefe25b000 	C:\Windows\system32\ADVAPI32.dll
0x000007feff390000 - 0x000007feff42f000 	C:\Windows\system32\msvcrt.dll
0x000007feff360000 - 0x000007feff37f000 	C:\Windows\SYSTEM32\sechost.dll
0x000007fefe3d0000 - 0x000007fefe4fd000 	C:\Windows\system32\RPCRT4.dll
0x000000007a010000 - 0x000000007a035000 	C:\Program Files\MATLAB\R2012a\bin\win64\LIBEXPAT.dll
0x00000000645d0000 - 0x00000000647c1000 	C:\Program Files\MATLAB\R2012a\bin\win64\icuin44.dll
0x0000000065e60000 - 0x0000000065fd1000 	C:\Program Files\MATLAB\R2012a\bin\win64\icuuc44.dll
0x0000000010000000 - 0x0000000010e41000 	C:\Program Files\MATLAB\R2012a\bin\win64\icudt44.dll
0x0000000073f70000 - 0x00000000740ad000 	C:\Program Files\MATLAB\R2012a\bin\win64\libmwfl.dll
0x0000000004250000 - 0x0000000004546000 	C:\Program Files\MATLAB\R2012a\bin\win64\libmwMATLAB_res.dll
0x000000007a3b0000 - 0x000000007a3c0000 	C:\Program Files\MATLAB\R2012a\bin\win64\boost_date_time-vc90-mt-1_44.dll
0x000000007a250000 - 0x000000007a263000 	C:\Program Files\MATLAB\R2012a\bin\win64\boost_signals-vc90-mt-1_44.dll
0x000000007a2d0000 - 0x000000007a2e2000 	C:\Program Files\MATLAB\R2012a\bin\win64\boost_thread-vc90-mt-1_44.dll
0x0000000004590000 - 0x00000000045d6000 	C:\Program Files\MATLAB\R2012a\bin\win64\tbb.dll
0x000007feff5c0000 - 0x000007feff5d9000 	C:\Windows\system32\imagehlp.dll
0x00000000778d0000 - 0x00000000778d7000 	C:\Windows\system32\PSAPI.DLL
0x000000006b1b0000 - 0x000000006b1c3000 	C:\Program Files\MATLAB\R2012a\bin\win64\icuio44.dll
0x000007feed080000 - 0x000007feed1a5000 	C:\Windows\system32\dbghelp.dll
0x0000000077600000 - 0x00000000776fa000 	C:\Windows\system32\USER32.dll
0x000007feff430000 - 0x000007feff497000 	C:\Windows\system32\GDI32.dll
0x000007fefdf30000 - 0x000007fefdf3e000 	C:\Windows\system32\LPK.dll
0x000007feff290000 - 0x000007feff359000 	C:\Windows\system32\USP10.dll
0x000000007bed0000 - 0x000000007c183000 	C:\Program Files\MATLAB\R2012a\bin\win64\libmwservices.dll
0x0000000075a20000 - 0x0000000075ae2000 	C:\Program Files\MATLAB\R2012a\bin\win64\libmx.dll
0x000000007a210000 - 0x000000007a228000 	C:\Program Files\MATLAB\R2012a\bin\win64\zlib1.dll
0x0000000004630000 - 0x0000000004651000 	C:\Program Files\MATLAB\R2012a\bin\win64\libmwmfl_scalar.dll
0x0000000075f10000 - 0x0000000075f5d000 	C:\Program Files\MATLAB\R2012a\bin\win64\mpath.dll
0x000000007b680000 - 0x000000007bbe1000 	C:\Program Files\MATLAB\R2012a\bin\win64\mlutil.dll
0x0000000068520000 - 0x000000006859f000 	C:\Program Files\MATLAB\R2012a\bin\win64\xmlcore.dll
0x000000007bc30000 - 0x000000007be83000 	C:\Program Files\MATLAB\R2012a\bin\win64\xerces-c_2_7.dll
0x000007fefe380000 - 0x000007fefe3cd000 	C:\Windows\system32\WS2_32.dll
0x000007feff380000 - 0x000007feff388000 	C:\Windows\system32\NSI.dll
0x00000000046b0000 - 0x00000000046ca000 	C:\Program Files\MATLAB\R2012a\bin\win64\libmwMATLAB_settings_res.dll
0x00000000046e0000 - 0x0000000004727000 	C:\Program Files\MATLAB\R2012a\bin\win64\boost_serialization-vc90-mt-1_44.dll
0x000007fefe500000 - 0x000007feff288000 	C:\Windows\system32\SHELL32.dll
0x000007fefe300000 - 0x000007fefe371000 	C:\Windows\system32\SHLWAPI.dll
0x000007fef72e0000 - 0x000007fef7380000 	C:\Windows\WinSxS\amd64_microsoft.windows.common-controls_6595b64144ccf1df_5.82.7601.17514_none_a4d6a923711520a9\COMCTL32.dll
0x000007fefe260000 - 0x000007fefe2f7000 	C:\Windows\system32\COMDLG32.dll
0x000007fefbcc0000 - 0x000007fefbcd6000 	C:\Windows\system32\NETAPI32.dll
0x000007fefcfd0000 - 0x000007fefcfdc000 	C:\Windows\system32\netutils.dll
0x000007fefd8f0000 - 0x000007fefd913000 	C:\Windows\system32\srvcli.dll
0x000007fefbca0000 - 0x000007fefbcb5000 	C:\Windows\system32\wkscli.dll
0x000007fefdf40000 - 0x000007fefe143000 	C:\Windows\system32\ole32.dll
0x000007feff820000 - 0x000007feff8f7000 	C:\Windows\system32\OLEAUT32.dll
0x0000000074970000 - 0x0000000074b06000 	C:\Program Files\MATLAB\R2012a\bin\win64\mcr.dll
0x0000000075000000 - 0x000000007536b000 	C:\Program Files\MATLAB\R2012a\bin\win64\iqm.dll
0x000000005f9e0000 - 0x0000000060201000 	C:\Program Files\MATLAB\R2012a\bin\win64\m_interpreter.dll
0x00000000698c0000 - 0x00000000698e5000 	C:\Program Files\MATLAB\R2012a\bin\win64\libmex.dll
0x0000000064970000 - 0x0000000064a23000 	C:\Program Files\MATLAB\R2012a\bin\win64\m_dispatcher.dll
0x0000000074880000 - 0x000000007496d000 	C:\Program Files\MATLAB\R2012a\bin\win64\boost_regex-vc90-mt-1_44.dll
0x00000000662e0000 - 0x0000000066364000 	C:\Program Files\MATLAB\R2012a\bin\win64\profiler.dll
0x00000000047b0000 - 0x0000000004a05000 	C:\Program Files\MATLAB\R2012a\bin\win64\libmwmathutil.dll
0x0000000079f40000 - 0x0000000079f6d000 	C:\Program Files\MATLAB\R2012a\bin\win64\libmwmathrng.dll
0x0000000074c10000 - 0x0000000074ced000 	C:\Program Files\MATLAB\R2012a\bin\win64\libmwmathcore.dll
0x0000000076160000 - 0x00000000761cb000 	C:\Program Files\MATLAB\R2012a\bin\win64\libmwspmatrix.dll
0x0000000075ea0000 - 0x0000000075f02000 	C:\Program Files\MATLAB\R2012a\bin\win64\libmwcholmod.dll
0x000000007a460000 - 0x000000007a46d000 	C:\Program Files\MATLAB\R2012a\bin\win64\libmwamd.dll
0x000000007a4b0000 - 0x000000007a4bc000 	C:\Program Files\MATLAB\R2012a\bin\win64\libmwcolamd.dll
0x000000006b190000 - 0x000000006b1a9000 	C:\Program Files\MATLAB\R2012a\bin\win64\libmwblas.dll
0x00000000694b0000 - 0x00000000694c2000 	C:\Program Files\MATLAB\R2012a\bin\win64\libmwbinder.dll
0x000000006b430000 - 0x000000006b43b000 	C:\Program Files\MATLAB\R2012a\bin\win64\libmwompwrapper.dll
0x00000000648e0000 - 0x0000000064966000 	C:\Program Files\MATLAB\R2012a\bin\win64\libmwlapack.dll
0x0000000068170000 - 0x0000000068191000 	C:\Program Files\MATLAB\R2012a\bin\win64\m_pcodeio.dll
0x0000000079b10000 - 0x0000000079b77000 	C:\Program Files\MATLAB\R2012a\bin\win64\m_ir.dll
0x000000005f390000 - 0x000000005f9e0000 	C:\Program Files\MATLAB\R2012a\bin\win64\m_parser.dll
0x0000000068260000 - 0x000000006827a000 	C:\Program Files\MATLAB\R2012a\bin\win64\ir_xfmr.dll
0x0000000064350000 - 0x00000000645c9000 	C:\Program Files\MATLAB\R2012a\bin\win64\mcos.dll
0x000000006b360000 - 0x000000006b36c000 	C:\Program Files\MATLAB\R2012a\bin\win64\mtok.dll
0x0000000068130000 - 0x0000000068161000 	C:\Program Files\MATLAB\R2012a\bin\win64\m_pcodegen.dll
0x0000000079fb0000 - 0x0000000079fe7000 	C:\Program Files\MATLAB\R2012a\bin\win64\libmwbridge.dll
0x0000000064280000 - 0x0000000064348000 	C:\Program Files\MATLAB\R2012a\bin\win64\udd.dll
0x000000005f230000 - 0x000000005f382000 	C:\Program Files\MATLAB\R2012a\bin\win64\libmwgui.dll
0x00000000681e0000 - 0x00000000681f7000 	C:\Program Files\MATLAB\R2012a\bin\win64\graphics_util.dll
0x000000005e880000 - 0x000000005f223000 	C:\Program Files\MATLAB\R2012a\bin\win64\hg.dll
0x0000000004b80000 - 0x0000000004be7000 	C:\Program Files\MATLAB\R2012a\bin\win64\libmat.dll
0x0000000072d30000 - 0x0000000072f44000 	C:\Program Files\MATLAB\R2012a\bin\win64\hdf5dll.dll
0x0000000075710000 - 0x00000000757c1000 	C:\Program Files\MATLAB\R2012a\bin\win64\jmi.dll
0x0000000004c20000 - 0x0000000004c2e000 	C:\Program Files\MATLAB\R2012a\bin\win64\nativejava_services.dll
0x0000000065e10000 - 0x0000000065e52000 	C:\Program Files\MATLAB\R2012a\bin\win64\libmwhardcopy.dll
0x0000000064880000 - 0x00000000648da000 	C:\Program Files\MATLAB\R2012a\bin\win64\libuij.dll
0x000000005e670000 - 0x000000005e87c000 	C:\Program Files\MATLAB\R2012a\bin\win64\hgdatatypes.dll
0x000000005e570000 - 0x000000005e66d000 	C:\Program Files\MATLAB\R2012a\bin\win64\hgutils.dll
0x000000005e4b0000 - 0x000000005e56d000 	C:\Program Files\MATLAB\R2012a\bin\win64\udd_mi.dll
0x0000000004c90000 - 0x0000000004ccb000 	C:\Program Files\MATLAB\R2012a\bin\win64\libmwgbtutils.dll
0x0000000004ce0000 - 0x0000000004cf9000 	C:\Program Files\MATLAB\R2012a\bin\win64\libmwgbt.dll
0x0000000004d10000 - 0x0000000004fda000 	C:\Program Files\MATLAB\R2012a\bin\win64\uiw.dll
0x0000000069af0000 - 0x0000000069aff000 	C:\Program Files\MATLAB\R2012a\bin\win64\uinone.dll
0x000007fef74e0000 - 0x000007fef74f8000 	C:\Windows\system32\MPR.dll
0x000000005dfc0000 - 0x000000005e4a4000 	C:\Windows\WinSxS\amd64_microsoft.vc90.mfc_1fc8b3b9a1e18e3b_9.0.30729.6161_none_044aad0bab1eb146\mfc90.dll
0x000007fefc940000 - 0x000007fefc947000 	C:\Windows\system32\MSIMG32.dll
0x000007fef8e50000 - 0x000007fef8ec1000 	C:\Windows\system32\WINSPOOL.DRV
0x00000000652a0000 - 0x00000000652c0000 	C:\Program Files\MATLAB\R2012a\bin\win64\mwoles05.DLL
0x000000005df40000 - 0x000000005dfbc000 	C:\Program Files\MATLAB\R2012a\bin\win64\comcli.dll
0x000000006b370000 - 0x000000006b39f000 	C:\Windows\WinSxS\amd64_microsoft.vc90.atl_1fc8b3b9a1e18e3b_9.0.30729.6161_none_0a1fd3a3a768b895\ATL90.DLL
0x0000000069ad0000 - 0x0000000069adc000 	C:\Program Files\MATLAB\R2012a\bin\win64\mlautoregister.dll
0x0000000005030000 - 0x0000000005040000 	C:\Program Files\MATLAB\R2012a\bin\win64\boost_iostreams-vc90-mt-1_44.dll
0x000007fefe150000 - 0x000007fefe17e000 	C:\Windows\system32\IMM32.DLL
0x000007feff900000 - 0x000007feffa09000 	C:\Windows\system32\MSCTF.dll
0x000007fefc6e0000 - 0x000007fefc736000 	C:\Windows\system32\UxTheme.dll
0x000007fefc180000 - 0x000007fefc198000 	C:\Windows\system32\dwmapi.dll
0x00000000698b0000 - 0x00000000698bd000 	C:\Windows\WinSxS\amd64_microsoft.vc90.mfcloc_1fc8b3b9a1e18e3b_9.0.30729.6161_none_01c9581e60cbee58\MFC90ENU.DLL
0x00000000052b0000 - 0x00000000052d9000 	C:\Program Files\MATLAB\R2012a\bin\win64\tbbmalloc.dll
0x0000000078870000 - 0x0000000078ecd000 	C:\Program Files\MATLAB\R2012a\sys\java\jre\win64\jre\bin\server\jvm.dll
0x000007fefb2f0000 - 0x000007fefb32b000 	C:\Windows\system32\WINMM.dll
0x000007fefdb60000 - 0x000007fefdb6f000 	C:\Windows\system32\profapi.dll
0x0000000068510000 - 0x0000000068513000 	C:\Windows\system32\icmp.Dll
0x000007fefb4b0000 - 0x000007fefb4d7000 	C:\Windows\system32\iphlpapi.DLL
0x000007fefb4a0000 - 0x000007fefb4ab000 	C:\Windows\system32\WINNSI.DLL
0x000007fefd9c0000 - 0x000007fefd9e5000 	C:\Windows\system32\SspiCli.dll
0x000007fefb630000 - 0x000007fefb645000 	C:\Windows\system32\NLAapi.dll
0x000007fef80b0000 - 0x000007fef80c5000 	C:\Windows\system32\napinsp.dll
0x000007fef7770000 - 0x000007fef7789000 	C:\Windows\system32\pnrpnsp.dll
0x000007fefd390000 - 0x000007fefd3e5000 	C:\Windows\System32\mswsock.dll
0x000007fefd210000 - 0x000007fefd26b000 	C:\Windows\system32\DNSAPI.dll
0x000007fef7730000 - 0x000007fef773b000 	C:\Windows\System32\winrnr.dll
0x000007fef9050000 - 0x000007fef907e000 	C:\Program Files\Common Files\Microsoft Shared\Windows Live\WLIDNSP.DLL
0x0000000063560000 - 0x0000000063569000 	C:\Program Files\National Instruments\Shared\mDNS Responder\nimdnsNSP.dll

VM Arguments:
jvm_args: -Xss512k -XX:PermSize=32m -Xms64m -XX:NewRatio=3 -XX:MaxPermSize=128m -Xmx196m -XX:MaxDirectMemorySize=2147400000 -Dsun.java2d.noddraw=true -Dsun.awt.nopixfmt=true -Xshare:off -Xrs -Dsun.awt.disableMixing=true -Djava.library.path=C:\Program Files\MATLAB\R2012a\bin\win64;C:\Xilinx\12.2\ISE_DS\ISE\sysgen\bin;C:\Xilinx\12.2\ISE_DS\ISE\sysgen\bin\nt64 vfprintf abort 
java_command: <unknown>
Launcher Type: generic

Environment Variables:
CLASSPATH=.;C:\Program Files (x86)\Java\jre7\lib\ext\QTJava.zip
PATH=C:\Program Files (x86)\Google\Chrome\Application;C:\Program Files (x86)\Timberline Office\Shared\;C:\Program Files (x86)\Pervasive Software\PSQL\bin\;C:\Program Files (x86)\NVIDIA Corporation\PhysX\Common;C:\Program Files (x86)\FEKO\6.1\bin;C:\Program Files\Common Files\Microsoft Shared\Windows Live;C:\Program Files (x86)\Common Files\Microsoft Shared\Windows Live;C:\Windows\system32;C:\Windows;C:\Windows\System32\Wbem;C:\Windows\System32\WindowsPowerShell\v1.0\;C:\Program Files (x86)\Windows Live\Shared;c:\Program Files (x86)\Microsoft SQL Server\100\Tools\Binn\;c:\Program Files\Microsoft SQL Server\100\Tools\Binn\;c:\Program Files\Microsoft SQL Server\100\DTS\Binn\;C:\Program Files\Common Files\Autodesk Shared\;C:\Program Files\Microsoft Windows Performance Toolkit\;C:\PROGRAM FILES\OPENOFFICE.ORG 3\URE\BIN; C:\PROGRAM FILES (X86)\OPENOFFICE.ORG 3\URE\BIN;C:\Program Files (x86)\QuickTime\QTSystem\;C:\Program Files (x86)\IVI Foundation\IVI\bin;C:\Program Files\IVI Foundation\IVI\bin;C:\Program Files\IVI Foundation\VISA\Win64\Bin\;C:\Program Files (x86)\IVI Foundation\VISA\WinNT\Bin\;C:\Program Files (x86)\IVI Foundation\VISA\WinNT\Bin;C:\Program Files\MATLAB\R2012a\bin;C:\Program Files (x86)\Microchip\MPLAB C32 Suite\bin;C:\Program Files\SAS\SharedFiles(32)\Formats;c:\Program Files (x86)\Microsoft SQL Server\90\Tools\binn\;C:\Program Files (x86)\Common Files\Crystal Decisions\2.5\bin
USERNAME=60harrigan
OS=Windows_NT
PROCESSOR_IDENTIFIER=Intel64 Family 6 Model 23 Stepping 10, GenuineIntel



---------------  S Y S T E M  ---------------

OS: Windows 7 Build 7601 Service Pack 1

CPU:total 2 (2 cores per cpu, 1 threads per core) family 6 model 23 stepping 10, cmov, cx8, fxsr, mmx, sse, sse2, sse3, ssse3, sse4.1

Memory: 4k page, physical 4025952k(1736000k free), swap 8049444k(5706176k free)

vm_info: Java HotSpot(TM) 64-Bit Server VM (14.3-b01) for windows-amd64 JRE (1.6.0_17-b04), built on Oct 11 2009 00:46:08 by "java_re" with MS VC++ 8.0

time: Thu Dec 06 20:16:36 2012
elapsed time: 612 seconds

